### Centella Parameter file ###


#---- Centella Parameters for group CNTJob ----#

CNTJob FDOC S CNT_doc.tex
CNTJob FHISTOS S PyCppSharing.root
CNTJob HISTOS S 1
CNTJob INPUT_DATA SV 1
///home/pnovella/Physics/NEXT/DATA/myOutputDST.root
CNTJob ALGOS SV 2
C++Algo
PyAlgo
CNTJob OUTPUT_DATA SV 1
///home/pnovella/Physics/NEXT/DATA/myOutputDST_out.root

#---- Centella Parameters for group PyAlgo ----#

PyAlgo VERSION I 0
PyAlgo TYPE S PyAlgo
PyAlgo MyPythonVar S ei

#---- Centella Parameters for group RUN ----#

RUN OUTPUT_EVENTS I 0
RUN INPUT_EVENTS I 1
RUN CURRENT_DATA S ///home/pnovella/Physics/NEXT/DATA/myOutputDST.root
RUN TIME S Tue_Feb_17_20:06:51_2015

#---- Centella Parameters for group USER ----#

USER MyPythonVar2 S ei

#---- Centella Parameters for group C++Algo ----#

C++Algo VERSION I 88
C++Algo VLEVEL I 2
C++Algo LAN S c++
C++Algo TYPE S MyTest
C++Algo MyC++Var S ou
